Using pre-set license

 COMMAND LINE ARGUMENTS:
/Applications/Unity/Hub/Editor/2021.1.9f1/Unity.app/Contents/MacOS/Unity
-adb2
-batchMode
-noUpm
-name
AssetImportWorker0
-projectPath
/Users/malialis/Documents/UnityTuts/PacMan/PacMan
-logFile
Logs/AssetImportWorker0.log
-srvPort
52448
Successfully changed project path to: /Users/malialis/Documents/UnityTuts/PacMan/PacMan
/Users/malialis/Documents/UnityTuts/PacMan/PacMan
Using Asset Import Pipeline V2.
Refreshing native plugins compatible for Editor in 192.41 ms, found 3 plugins.
Preloading 0 native plugins for Editor in 0.00 ms.
Initialize engine version: 2021.1.9f1 (7a790e367ab3)
[Subsystems] Discovering subsystems at path /Applications/Unity/Hub/Editor/2021.1.9f1/Unity.app/Contents/Resources/UnitySubsystems
[Subsystems] Discovering subsystems at path /Users/malialis/Documents/UnityTuts/PacMan/PacMan/Assets
GfxDevice: creating device client; threaded=0; jobified=0
Renderer: AMD Radeon HD 6770M OpenGL Engine
Vendor:   ATI Technologies Inc.
Version:  4.1 ATI-1.68.25
GLES:     0
 GL_ARB_blend_func_extended GL_ARB_draw_buffers_blend GL_ARB_draw_indirect GL_ARB_ES2_compatibility GL_ARB_explicit_attrib_location GL_ARB_gpu_shader5 GL_ARB_instanced_arrays GL_ARB_internalformat_query GL_ARB_occlusion_query2 GL_ARB_sample_shading GL_ARB_sampler_objects GL_ARB_separate_shader_objects GL_ARB_shader_bit_encoding GL_ARB_shader_subroutine GL_ARB_shading_language_include GL_ARB_tessellation_shader GL_ARB_texture_buffer_object_rgb32 GL_ARB_texture_cube_map_array GL_ARB_texture_gather GL_ARB_texture_query_lod GL_ARB_texture_rgb10_a2ui GL_ARB_texture_storage GL_ARB_texture_swizzle GL_ARB_timer_query GL_ARB_transform_feedback2 GL_ARB_transform_feedback3 GL_ARB_vertex_type_2_10_10_10_rev GL_ARB_viewport_array GL_EXT_debug_label GL_EXT_debug_marker GL_EXT_texture_compression_s3tc GL_EXT_texture_filter_anisotropic GL_EXT_texture_mirror_clamp GL_EXT_texture_sRGB_decode GL_APPLE_client_storage GL_APPLE_container_object_shareable GL_APPLE_flush_render GL_APPLE_object_purgeable GL_APPLE_rgb_422 GL_APPLE_ro
w_bytes GL_APPLE_texture_range GL_ATI_texture_mirror_once GL_NV_texture_barrier
OPENGL LOG: Creating OpenGL 4.1 graphics device ; Context level  <OpenGL 4.1> ; Context handle 1510167552
Initialize mono
Mono path[0] = '/Applications/Unity/Hub/Editor/2021.1.9f1/Unity.app/Contents/Managed'
Mono path[1] = '/Applications/Unity/Hub/Editor/2021.1.9f1/Unity.app/Contents/MonoBleedingEdge/lib/mono/unityjit'
Mono config path = '/Applications/Unity/Hub/Editor/2021.1.9f1/Unity.app/Contents/MonoBleedingEdge/etc'
Using monoOptions --debugger-agent=transport=dt_socket,embedding=1,server=y,suspend=n,address=127.0.0.1:56066
Begin MonoManager ReloadAssembly
Registering precompiled unity dll's ...
Register platform support module: /Applications/Unity/Hub/Editor/2021.1.9f1/PlaybackEngines/WebGLSupport/UnityEditor.WebGL.Extensions.dll
Register platform support module: /Applications/Unity/Hub/Editor/2021.1.9f1/Unity.app/Contents/PlaybackEngines/MacStandaloneSupport/UnityEditor.OSXStandalone.Extensions.dll
Registered in 0.000775 seconds.
Native extension for OSXStandalone target not found
Native extension for WebGL target not found
Refreshing native plugins compatible for Editor in 277.42 ms, found 3 plugins.
Preloading 0 native plugins for Editor in 0.00 ms.
Mono: successfully reloaded assembly
- Completed reload, in  3.770 seconds
Domain Reload Profiling:
	ReloadAssembly (3771ms)
		BeginReloadAssembly (50ms)
			ExecutionOrderSort (0ms)
			DisableScriptedObjects (0ms)
			BackupInstance (0ms)
			ReleaseScriptingObjects (0ms)
			CreateAndSetChildDomain (1ms)
		EndReloadAssembly (1255ms)
			LoadAssemblies (49ms)
			RebuildTransferFunctionScriptingTraits (0ms)
			SetupTypeCache (334ms)
			ReleaseScriptCaches (0ms)
			RebuildScriptCaches (174ms)
			SetupLoadedEditorAssemblies (586ms)
				LogAssemblyErrors (0ms)
				InitializePlatformSupportModulesInManaged (16ms)
				SetLoadedEditorAssemblies (1ms)
				RefreshPlugins (277ms)
				BeforeProcessingInitializeOnLoad (3ms)
				ProcessInitializeOnLoadAttributes (228ms)
				ProcessInitializeOnLoadMethodAttributes (61ms)
				AfterProcessingInitializeOnLoad (0ms)
				EditorAssembliesLoaded (0ms)
			ExecutionOrderSort2 (0ms)
			AwakeInstancesAfterBackupRestoration (0ms)
Platform modules already initialized, skipping
Registering precompiled user dll's ...
Registered in 0.005620 seconds.
Begin MonoManager ReloadAssembly
Symbol file LoadedFromMemory doesn't match image /Users/malialis/Documents/UnityTuts/PacMan/PacMan/Library/PackageCache/com.unity.visualscripting@1.6.1/Editor/VisualScripting.Core/Dependencies/YamlDotNet/Unity.VisualScripting.YamlDotNet.dll
Symbol file LoadedFromMemory doesn't match image /Users/malialis/Documents/UnityTuts/PacMan/PacMan/Library/PackageCache/com.unity.visualscripting@1.6.1/Editor/VisualScripting.Core/Dependencies/DotNetZip/Unity.VisualScripting.IonicZip.dll
Native extension for OSXStandalone target not found
Native extension for WebGL target not found
Refreshing native plugins compatible for Editor in 273.29 ms, found 3 plugins.
Preloading 0 native plugins for Editor in 0.00 ms.
Mono: successfully reloaded assembly
- Completed reload, in  3.384 seconds
Domain Reload Profiling:
	ReloadAssembly (3385ms)
		BeginReloadAssembly (302ms)
			ExecutionOrderSort (0ms)
			DisableScriptedObjects (11ms)
			BackupInstance (0ms)
			ReleaseScriptingObjects (0ms)
			CreateAndSetChildDomain (61ms)
		EndReloadAssembly (2957ms)
			LoadAssemblies (135ms)
			RebuildTransferFunctionScriptingTraits (0ms)
			SetupTypeCache (1338ms)
			ReleaseScriptCaches (1ms)
			RebuildScriptCaches (126ms)
			SetupLoadedEditorAssemblies (1096ms)
				LogAssemblyErrors (0ms)
				InitializePlatformSupportModulesInManaged (7ms)
				SetLoadedEditorAssemblies (0ms)
				RefreshPlugins (275ms)
				BeforeProcessingInitializeOnLoad (214ms)
				ProcessInitializeOnLoadAttributes (565ms)
				ProcessInitializeOnLoadMethodAttributes (32ms)
				AfterProcessingInitializeOnLoad (2ms)
				EditorAssembliesLoaded (0ms)
			ExecutionOrderSort2 (0ms)
			AwakeInstancesAfterBackupRestoration (16ms)
Platform modules already initialized, skipping
========================================================================
Worker process is ready to serve import requests
Launching external process: /Applications/Unity/Hub/Editor/2021.1.9f1/Unity.app/Contents/Tools/UnityShaderCompiler
Launched and connected shader compiler UnityShaderCompiler after 0.02 seconds
Refreshing native plugins compatible for Editor in 0.93 ms, found 3 plugins.
Preloading 0 native plugins for Editor in 0.00 ms.
Unloading 3678 Unused Serialized files (Serialized files now loaded: 0)
System memory in use before: 228.2 MB.
System memory in use after: 228.3 MB.

Unloading 37 unused Assets to reduce memory usage. Loaded Objects now: 4122.
Total: 4.863009 ms (FindLiveObjects: 0.319784 ms CreateObjectMapping: 0.171266 ms MarkObjects: 4.201161 ms  DeleteObjects: 0.169002 ms)

AssetImportParameters requested are different than current active one (requested -> active):
  custom:video-decoder-ogg-theora: a1e56fd34408186e4bbccfd4996cb3dc -> 
  custom:container-muxer-webm: aa71ff27fc2769a1b78a27578f13a17b -> 
  custom:container-demuxer-webm: 4f35f7cbe854078d1ac9338744f61a02 -> 
  custom:container-demuxer-ogg: 62fdf1f143b41e24485cea50d1cbac27 -> 
  custom:video-encoder-webm-vp8: eb34c28f22e8b96e1ab97ce403110664 -> 
  custom:framework-osx-AVFoundation: b23960f63f64bdc6ff669e2cdcee2391 -> 
  custom:video-decoder-webm-vp8: 9c59270c3fd7afecdb556c50c9e8de78 -> 
  custom:audio-decoder-ogg-vorbis: bf7c407c2cedff20999df2af8eb42d56 -> 
  custom:audio-encoder-webm-vorbis: bf7c407c2cedff20999df2af8eb42d56 -> 
========================================================================
Received Import Request.
  path: Assets/Scripts/AnimatedSprite.cs
  artifactKey: Guid(824908b24fd58c84296be726049e76aa) Importer(815301076,1909f56bfc062723c751e8b465ee728b)
Start importing Assets/Scripts/AnimatedSprite.cs using Guid(824908b24fd58c84296be726049e76aa) Importer(815301076,1909f56bfc062723c751e8b465ee728b)  -> (artifact id: '578715388a585d0bfde937e06f5ef89a') in 0.921794 seconds 
========================================================================
Received Import Request.
  Time since last request: 60.880179 seconds.
  path: Assets/Scripts/PowerPellet.cs
  artifactKey: Guid(fa93fa24cd7f84548a0505b674004680) Importer(815301076,1909f56bfc062723c751e8b465ee728b)
Start importing Assets/Scripts/PowerPellet.cs using Guid(fa93fa24cd7f84548a0505b674004680) Importer(815301076,1909f56bfc062723c751e8b465ee728b)  -> (artifact id: '9fa8d9b5b6e958289da6d7af8ae14a89') in 0.002482 seconds 
========================================================================
Received Import Request.
  Time since last request: 6.059936 seconds.
  path: Assets/Prefabs/Ghost_Base.prefab
  artifactKey: Guid(2fde9760580df734b965459e729d1aba) Importer(815301076,1909f56bfc062723c751e8b465ee728b)
Start importing Assets/Prefabs/Ghost_Base.prefab using Guid(2fde9760580df734b965459e729d1aba) Importer(815301076,1909f56bfc062723c751e8b465ee728b)  -> (artifact id: '8c51edf83bd75a828944caf7ddb01bb8') in 0.273431 seconds 
========================================================================
Received Import Request.
  Time since last request: 1.054761 seconds.
  path: Assets/Prefabs/Ghost_Blinky.prefab
  artifactKey: Guid(25f5544974e8f0b409f1c5070cbb2c0e) Importer(815301076,1909f56bfc062723c751e8b465ee728b)
Start importing Assets/Prefabs/Ghost_Blinky.prefab using Guid(25f5544974e8f0b409f1c5070cbb2c0e) Importer(815301076,1909f56bfc062723c751e8b465ee728b)  -> (artifact id: '2f6bb17a7333c23f87370bdf2e09300c') in 0.018905 seconds 
========================================================================
Received Import Request.
  Time since last request: 2.117602 seconds.
  path: Assets/Prefabs/Ghost_Clyde.prefab
  artifactKey: Guid(0d1f951e4ac24fe478d688dbf86a5c39) Importer(815301076,1909f56bfc062723c751e8b465ee728b)
Start importing Assets/Prefabs/Ghost_Clyde.prefab using Guid(0d1f951e4ac24fe478d688dbf86a5c39) Importer(815301076,1909f56bfc062723c751e8b465ee728b)  -> (artifact id: '4e326134b6f7c95b63590c255b2915da') in 0.027538 seconds 
========================================================================
Received Import Request.
  Time since last request: 2.432026 seconds.
  path: Assets/Prefabs/Node.prefab
  artifactKey: Guid(21d48c01e32526b43b71415c145f1611) Importer(815301076,1909f56bfc062723c751e8b465ee728b)
Start importing Assets/Prefabs/Node.prefab using Guid(21d48c01e32526b43b71415c145f1611) Importer(815301076,1909f56bfc062723c751e8b465ee728b)  -> (artifact id: '43a3972523724ef5baa1d0be1792f7f6') in 0.315173 seconds 
========================================================================
Received Import Request.
  Time since last request: 1.865965 seconds.
  path: Assets/Prefabs/Pacman.prefab
  artifactKey: Guid(b6894cca0173e8041bba0e4a8be5fde1) Importer(815301076,1909f56bfc062723c751e8b465ee728b)
Start importing Assets/Prefabs/Pacman.prefab using Guid(b6894cca0173e8041bba0e4a8be5fde1) Importer(815301076,1909f56bfc062723c751e8b465ee728b)  -> (artifact id: 'f2970b4157de277d34c572d73d74a7d1') in 0.015963 seconds 
========================================================================
Received Import Request.
  Time since last request: 2.631479 seconds.
  path: Assets/Prefabs/PowerPellet.prefab
  artifactKey: Guid(445ccaa9475e5d644a8dacc468e5837d) Importer(815301076,1909f56bfc062723c751e8b465ee728b)
Start importing Assets/Prefabs/PowerPellet.prefab using Guid(445ccaa9475e5d644a8dacc468e5837d) Importer(815301076,1909f56bfc062723c751e8b465ee728b)  -> (artifact id: 'e361d86713ce1a9de176eb1e702fc3de') in 0.018409 seconds 
========================================================================
Received Import Request.
  Time since last request: 2.082293 seconds.
  path: Assets/Prefabs/Pellet.prefab
  artifactKey: Guid(e4ac4d8863d195144a350ef3d4006632) Importer(815301076,1909f56bfc062723c751e8b465ee728b)
Start importing Assets/Prefabs/Pellet.prefab using Guid(e4ac4d8863d195144a350ef3d4006632) Importer(815301076,1909f56bfc062723c751e8b465ee728b)  -> (artifact id: '7c1ff6fc17693fd0ea3689237ad2f3ff') in 0.015495 seconds 
========================================================================
Received Import Request.
  Time since last request: 28.773167 seconds.
  path: ProjectSettings/TagManager.asset
  artifactKey: Guid(00000000000000003000000000000000) Importer(815301076,1909f56bfc062723c751e8b465ee728b)
Start importing ProjectSettings/TagManager.asset using Guid(00000000000000003000000000000000) Importer(815301076,1909f56bfc062723c751e8b465ee728b)  -> (artifact id: '2fddea6c81ff1bec1e2592361e1ead30') in 0.042123 seconds 
========================================================================
Received Import Request.
  Time since last request: 146.668800 seconds.
  path: Assets/Sprites/Fruit_Apple.png
  artifactKey: Guid(333efda297305804ab18ba62c4a59b0d) Importer(815301076,1909f56bfc062723c751e8b465ee728b)
Start importing Assets/Sprites/Fruit_Apple.png using Guid(333efda297305804ab18ba62c4a59b0d) Importer(815301076,1909f56bfc062723c751e8b465ee728b)  -> (artifact id: '82f9463420bdaea0a3c43697e095e010') in 0.517466 seconds 
========================================================================
Received Import Request.
  Time since last request: 12.007539 seconds.
  path: Assets/Sprites/Pacman_01.png
  artifactKey: Guid(e3b83262a412c74408dba5cbe89f43f5) Importer(815301076,1909f56bfc062723c751e8b465ee728b)
Start importing Assets/Sprites/Pacman_01.png using Guid(e3b83262a412c74408dba5cbe89f43f5) Importer(815301076,1909f56bfc062723c751e8b465ee728b)  -> (artifact id: 'a9b779fff65fb7c3b2f394f2a2625f9f') in 0.011836 seconds 
========================================================================
Received Import Request.
  Time since last request: 1.111384 seconds.
  path: Assets/Sprites/Pacman_02.png
  artifactKey: Guid(1f9604f5749fde646a59a72c9ee1cd3a) Importer(815301076,1909f56bfc062723c751e8b465ee728b)
Start importing Assets/Sprites/Pacman_02.png using Guid(1f9604f5749fde646a59a72c9ee1cd3a) Importer(815301076,1909f56bfc062723c751e8b465ee728b)  -> (artifact id: '4035212dde5abe80173cb4da5e506c34') in 0.017989 seconds 
========================================================================
Received Import Request.
  Time since last request: 1.297206 seconds.
  path: Assets/Sprites/Pacman_03.png
  artifactKey: Guid(f8f2ab5881c3e9949bf4ffe9525a0fb7) Importer(815301076,1909f56bfc062723c751e8b465ee728b)
Start importing Assets/Sprites/Pacman_03.png using Guid(f8f2ab5881c3e9949bf4ffe9525a0fb7) Importer(815301076,1909f56bfc062723c751e8b465ee728b)  -> (artifact id: 'df2a2a5d4d7257817f30923bb3873489') in 0.015907 seconds 
========================================================================
Received Import Request.
  Time since last request: 44.778689 seconds.
  path: Assets/Tiles/TilePalette.prefab
  artifactKey: Guid(1d9597820118bb745a9094ace02e3517) Importer(815301076,1909f56bfc062723c751e8b465ee728b)
Start importing Assets/Tiles/TilePalette.prefab using Guid(1d9597820118bb745a9094ace02e3517) Importer(815301076,1909f56bfc062723c751e8b465ee728b)  -> (artifact id: 'b0381003d6851e27a5355b26dd7bb2ea') in 0.008859 seconds 
========================================================================
Received Import Request.
  Time since last request: 4369.717561 seconds.
  path: Assets/Tiles/Node.asset
  artifactKey: Guid(afc5d2ba42afed64f82cf59a1d497708) Importer(815301076,1909f56bfc062723c751e8b465ee728b)
Start importing Assets/Tiles/Node.asset using Guid(afc5d2ba42afed64f82cf59a1d497708) Importer(815301076,1909f56bfc062723c751e8b465ee728b)  -> (artifact id: '0044b3de60c69a0f1e49e734faa0f8c0') in 0.102750 seconds 
========================================================================
Received Import Request.
  Time since last request: 0.000274 seconds.
  path: Assets/Sprites/Node.png
  artifactKey: Guid(73ec44e4741057941bfbfd484bd0ff60) Importer(815301076,1909f56bfc062723c751e8b465ee728b)
Start importing Assets/Sprites/Node.png using Guid(73ec44e4741057941bfbfd484bd0ff60) Importer(815301076,1909f56bfc062723c751e8b465ee728b)  -> (artifact id: '9ac5db122def819c75b835a1a444e22b') in 0.010849 seconds 
========================================================================
Received Import Request.
  Time since last request: 1.499785 seconds.
  path: Assets/Tiles/Pellet.asset
  artifactKey: Guid(e959ce30fbda79647b1455a870945731) Importer(815301076,1909f56bfc062723c751e8b465ee728b)
Start importing Assets/Tiles/Pellet.asset using Guid(e959ce30fbda79647b1455a870945731) Importer(815301076,1909f56bfc062723c751e8b465ee728b)  -> (artifact id: '26f360b40fd06c00861f1dc7b8cba5ec') in 0.006771 seconds 
========================================================================
Received Prepare
Registering precompiled user dll's ...
Registered in 0.004311 seconds.
Begin MonoManager ReloadAssembly
Symbol file LoadedFromMemory doesn't match image /Users/malialis/Documents/UnityTuts/PacMan/PacMan/Library/PackageCache/com.unity.visualscripting@1.6.1/Editor/VisualScripting.Core/Dependencies/YamlDotNet/Unity.VisualScripting.YamlDotNet.dll
Symbol file LoadedFromMemory doesn't match image /Users/malialis/Documents/UnityTuts/PacMan/PacMan/Library/PackageCache/com.unity.visualscripting@1.6.1/Editor/VisualScripting.Core/Dependencies/DotNetZip/Unity.VisualScripting.IonicZip.dll
Native extension for OSXStandalone target not found
Native extension for WebGL target not found
Refreshing native plugins compatible for Editor in 0.85 ms, found 3 plugins.
Preloading 0 native plugins for Editor in 0.00 ms.
Mono: successfully reloaded assembly
- Completed reload, in  1.796 seconds
Domain Reload Profiling:
	ReloadAssembly (1796ms)
		BeginReloadAssembly (186ms)
			ExecutionOrderSort (0ms)
			DisableScriptedObjects (10ms)
			BackupInstance (0ms)
			ReleaseScriptingObjects (0ms)
			CreateAndSetChildDomain (105ms)
		EndReloadAssembly (1515ms)
			LoadAssemblies (92ms)
			RebuildTransferFunctionScriptingTraits (0ms)
			SetupTypeCache (652ms)
			ReleaseScriptCaches (1ms)
			RebuildScriptCaches (81ms)
			SetupLoadedEditorAssemblies (489ms)
				LogAssemblyErrors (0ms)
				InitializePlatformSupportModulesInManaged (7ms)
				SetLoadedEditorAssemblies (1ms)
				RefreshPlugins (1ms)
				BeforeProcessingInitializeOnLoad (95ms)
				ProcessInitializeOnLoadAttributes (370ms)
				ProcessInitializeOnLoadMethodAttributes (13ms)
				AfterProcessingInitializeOnLoad (2ms)
				EditorAssembliesLoaded (0ms)
			ExecutionOrderSort2 (0ms)
			AwakeInstancesAfterBackupRestoration (26ms)
Platform modules already initialized, skipping
Refreshing native plugins compatible for Editor in 0.87 ms, found 3 plugins.
Preloading 0 native plugins for Editor in 0.00 ms.
Unloading 3678 Unused Serialized files (Serialized files now loaded: 0)
System memory in use before: 252.6 MB.
System memory in use after: 252.7 MB.

Unloading 26 unused Assets to reduce memory usage. Loaded Objects now: 4217.
Total: 3.528513 ms (FindLiveObjects: 0.306509 ms CreateObjectMapping: 0.183674 ms MarkObjects: 2.918891 ms  DeleteObjects: 0.117895 ms)

AssetImportParameters requested are different than current active one (requested -> active):
  custom:video-decoder-ogg-theora: a1e56fd34408186e4bbccfd4996cb3dc -> 
  custom:container-muxer-webm: aa71ff27fc2769a1b78a27578f13a17b -> 
  custom:container-demuxer-webm: 4f35f7cbe854078d1ac9338744f61a02 -> 
  custom:container-demuxer-ogg: 62fdf1f143b41e24485cea50d1cbac27 -> 
  custom:video-encoder-webm-vp8: eb34c28f22e8b96e1ab97ce403110664 -> 
  custom:framework-osx-AVFoundation: b23960f63f64bdc6ff669e2cdcee2391 -> 
  custom:video-decoder-webm-vp8: 9c59270c3fd7afecdb556c50c9e8de78 -> 
  custom:audio-decoder-ogg-vorbis: bf7c407c2cedff20999df2af8eb42d56 -> 
  custom:audio-encoder-webm-vorbis: bf7c407c2cedff20999df2af8eb42d56 -> 
